{"G:\\MeProjects\\wishing-board\\wishing-board-backend\\app.js": {"path":"G:\\MeProjects\\wishing-board\\wishing-board-backend\\app.js","statementMap":{"0":{"start":{"line":1,"column":16},"end":{"line":1,"column":34}},"1":{"start":{"line":2,"column":17},"end":{"line":2,"column":36}},"2":{"start":{"line":3,"column":13},"end":{"line":3,"column":28}},"3":{"start":{"line":4,"column":15},"end":{"line":4,"column":40}},"4":{"start":{"line":5,"column":15},"end":{"line":5,"column":40}},"5":{"start":{"line":6,"column":19},"end":{"line":6,"column":48}},"6":{"start":{"line":7,"column":21},"end":{"line":7,"column":52}},"7":{"start":{"line":9,"column":12},"end":{"line":9,"column":21}},"8":{"start":{"line":10,"column":0},"end":{"line":10,"column":32}},"9":{"start":{"line":11,"column":0},"end":{"line":11,"column":15}},"10":{"start":{"line":12,"column":0},"end":{"line":12,"column":23}},"11":{"start":{"line":14,"column":0},"end":{"line":20,"column":77}},"12":{"start":{"line":19,"column":13},"end":{"line":19,"column":48}},"13":{"start":{"line":20,"column":17},"end":{"line":20,"column":76}},"14":{"start":{"line":22,"column":0},"end":{"line":22,"column":36}},"15":{"start":{"line":24,"column":0},"end":{"line":24,"column":34}},"16":{"start":{"line":25,"column":0},"end":{"line":25,"column":32}},"17":{"start":{"line":27,"column":0},"end":{"line":27,"column":20}}},"fnMap":{"0":{"name":"(anonymous_0)","decl":{"start":{"line":19,"column":7},"end":{"line":19,"column":8}},"loc":{"start":{"line":19,"column":13},"end":{"line":19,"column":48}},"line":19},"1":{"name":"(anonymous_1)","decl":{"start":{"line":20,"column":8},"end":{"line":20,"column":9}},"loc":{"start":{"line":20,"column":17},"end":{"line":20,"column":76}},"line":20}},"branchMap":{},"s":{"0":1,"1":1,"2":1,"3":1,"4":1,"5":1,"6":1,"7":1,"8":1,"9":1,"10":1,"11":1,"12":1,"13":0,"14":1,"15":1,"16":1,"17":1},"f":{"0":1,"1":0},"b":{},"_coverageSchema":"1a1c01bbd47fc00a2c39e90264f33305004495a9","hash":"76aa37fbea4e2d2b4c76b9792541a97e5b017f4d"}
,"G:\\MeProjects\\wishing-board\\wishing-board-backend\\controllers\\wishes.js": {"path":"G:\\MeProjects\\wishing-board\\wishing-board-backend\\controllers\\wishes.js","statementMap":{"0":{"start":{"line":1,"column":21},"end":{"line":1,"column":48}},"1":{"start":{"line":2,"column":13},"end":{"line":2,"column":38}},"2":{"start":{"line":5,"column":0},"end":{"line":10,"column":2}},"3":{"start":{"line":6,"column":1},"end":{"line":9,"column":26}},"4":{"start":{"line":7,"column":25},"end":{"line":7,"column":65}},"5":{"start":{"line":7,"column":51},"end":{"line":7,"column":64}},"6":{"start":{"line":8,"column":27},"end":{"line":8,"column":52}},"7":{"start":{"line":9,"column":16},"end":{"line":9,"column":25}},"8":{"start":{"line":13,"column":0},"end":{"line":25,"column":2}},"9":{"start":{"line":14,"column":28},"end":{"line":14,"column":36}},"10":{"start":{"line":15,"column":14},"end":{"line":18,"column":3}},"11":{"start":{"line":20,"column":1},"end":{"line":24,"column":26}},"12":{"start":{"line":22,"column":24},"end":{"line":22,"column":45}},"13":{"start":{"line":23,"column":25},"end":{"line":23,"column":48}},"14":{"start":{"line":24,"column":16},"end":{"line":24,"column":25}},"15":{"start":{"line":28,"column":0},"end":{"line":34,"column":2}},"16":{"start":{"line":29,"column":12},"end":{"line":29,"column":25}},"17":{"start":{"line":30,"column":1},"end":{"line":33,"column":26}},"18":{"start":{"line":31,"column":24},"end":{"line":31,"column":45}},"19":{"start":{"line":32,"column":25},"end":{"line":32,"column":48}},"20":{"start":{"line":33,"column":16},"end":{"line":33,"column":25}},"21":{"start":{"line":37,"column":0},"end":{"line":42,"column":2}},"22":{"start":{"line":38,"column":12},"end":{"line":38,"column":25}},"23":{"start":{"line":39,"column":1},"end":{"line":41,"column":26}},"24":{"start":{"line":40,"column":18},"end":{"line":40,"column":39}},"25":{"start":{"line":41,"column":16},"end":{"line":41,"column":25}},"26":{"start":{"line":45,"column":0},"end":{"line":57,"column":2}},"27":{"start":{"line":46,"column":12},"end":{"line":46,"column":25}},"28":{"start":{"line":47,"column":28},"end":{"line":47,"column":36}},"29":{"start":{"line":48,"column":14},"end":{"line":51,"column":2}},"30":{"start":{"line":53,"column":1},"end":{"line":56,"column":26}},"31":{"start":{"line":54,"column":24},"end":{"line":54,"column":45}},"32":{"start":{"line":55,"column":25},"end":{"line":55,"column":48}},"33":{"start":{"line":56,"column":16},"end":{"line":56,"column":25}},"34":{"start":{"line":59,"column":0},"end":{"line":59,"column":29}}},"fnMap":{"0":{"name":"(anonymous_0)","decl":{"start":{"line":5,"column":22},"end":{"line":5,"column":23}},"loc":{"start":{"line":5,"column":42},"end":{"line":10,"column":1}},"line":5},"1":{"name":"(anonymous_1)","decl":{"start":{"line":7,"column":8},"end":{"line":7,"column":9}},"loc":{"start":{"line":7,"column":25},"end":{"line":7,"column":65}},"line":7},"2":{"name":"(anonymous_2)","decl":{"start":{"line":7,"column":43},"end":{"line":7,"column":44}},"loc":{"start":{"line":7,"column":51},"end":{"line":7,"column":64}},"line":7},"3":{"name":"(anonymous_3)","decl":{"start":{"line":8,"column":8},"end":{"line":8,"column":9}},"loc":{"start":{"line":8,"column":27},"end":{"line":8,"column":52}},"line":8},"4":{"name":"(anonymous_4)","decl":{"start":{"line":9,"column":9},"end":{"line":9,"column":10}},"loc":{"start":{"line":9,"column":16},"end":{"line":9,"column":25}},"line":9},"5":{"name":"(anonymous_5)","decl":{"start":{"line":13,"column":23},"end":{"line":13,"column":24}},"loc":{"start":{"line":13,"column":43},"end":{"line":25,"column":1}},"line":13},"6":{"name":"(anonymous_6)","decl":{"start":{"line":22,"column":8},"end":{"line":22,"column":9}},"loc":{"start":{"line":22,"column":24},"end":{"line":22,"column":45}},"line":22},"7":{"name":"(anonymous_7)","decl":{"start":{"line":23,"column":8},"end":{"line":23,"column":9}},"loc":{"start":{"line":23,"column":25},"end":{"line":23,"column":48}},"line":23},"8":{"name":"(anonymous_8)","decl":{"start":{"line":24,"column":9},"end":{"line":24,"column":10}},"loc":{"start":{"line":24,"column":16},"end":{"line":24,"column":25}},"line":24},"9":{"name":"(anonymous_9)","decl":{"start":{"line":28,"column":25},"end":{"line":28,"column":26}},"loc":{"start":{"line":28,"column":45},"end":{"line":34,"column":1}},"line":28},"10":{"name":"(anonymous_10)","decl":{"start":{"line":31,"column":8},"end":{"line":31,"column":9}},"loc":{"start":{"line":31,"column":24},"end":{"line":31,"column":45}},"line":31},"11":{"name":"(anonymous_11)","decl":{"start":{"line":32,"column":8},"end":{"line":32,"column":9}},"loc":{"start":{"line":32,"column":25},"end":{"line":32,"column":48}},"line":32},"12":{"name":"(anonymous_12)","decl":{"start":{"line":33,"column":9},"end":{"line":33,"column":10}},"loc":{"start":{"line":33,"column":16},"end":{"line":33,"column":25}},"line":33},"13":{"name":"(anonymous_13)","decl":{"start":{"line":37,"column":28},"end":{"line":37,"column":29}},"loc":{"start":{"line":37,"column":48},"end":{"line":42,"column":1}},"line":37},"14":{"name":"(anonymous_14)","decl":{"start":{"line":40,"column":8},"end":{"line":40,"column":9}},"loc":{"start":{"line":40,"column":18},"end":{"line":40,"column":39}},"line":40},"15":{"name":"(anonymous_15)","decl":{"start":{"line":41,"column":9},"end":{"line":41,"column":10}},"loc":{"start":{"line":41,"column":16},"end":{"line":41,"column":25}},"line":41},"16":{"name":"(anonymous_16)","decl":{"start":{"line":45,"column":25},"end":{"line":45,"column":26}},"loc":{"start":{"line":45,"column":45},"end":{"line":57,"column":1}},"line":45},"17":{"name":"(anonymous_17)","decl":{"start":{"line":54,"column":8},"end":{"line":54,"column":9}},"loc":{"start":{"line":54,"column":24},"end":{"line":54,"column":45}},"line":54},"18":{"name":"(anonymous_18)","decl":{"start":{"line":55,"column":8},"end":{"line":55,"column":9}},"loc":{"start":{"line":55,"column":25},"end":{"line":55,"column":48}},"line":55},"19":{"name":"(anonymous_19)","decl":{"start":{"line":56,"column":9},"end":{"line":56,"column":10}},"loc":{"start":{"line":56,"column":16},"end":{"line":56,"column":25}},"line":56}},"branchMap":{},"s":{"0":1,"1":1,"2":1,"3":0,"4":0,"5":0,"6":0,"7":0,"8":1,"9":0,"10":0,"11":0,"12":0,"13":0,"14":0,"15":1,"16":0,"17":0,"18":0,"19":0,"20":0,"21":1,"22":0,"23":0,"24":0,"25":0,"26":1,"27":0,"28":0,"29":0,"30":0,"31":0,"32":0,"33":0,"34":1},"f":{"0":0,"1":0,"2":0,"3":0,"4":0,"5":0,"6":0,"7":0,"8":0,"9":0,"10":0,"11":0,"12":0,"13":0,"14":0,"15":0,"16":0,"17":0,"18":0,"19":0},"b":{},"_coverageSchema":"1a1c01bbd47fc00a2c39e90264f33305004495a9","hash":"77a677021f71fb1ad7e589668e5edea312e3d9e0"}
,"G:\\MeProjects\\wishing-board\\wishing-board-backend\\models\\wish.js": {"path":"G:\\MeProjects\\wishing-board\\wishing-board-backend\\models\\wish.js","statementMap":{"0":{"start":{"line":1,"column":0},"end":{"line":1,"column":26}},"1":{"start":{"line":2,"column":17},"end":{"line":2,"column":36}},"2":{"start":{"line":4,"column":0},"end":{"line":4,"column":36}},"3":{"start":{"line":6,"column":19},"end":{"line":17,"column":2}},"4":{"start":{"line":19,"column":0},"end":{"line":25,"column":2}},"5":{"start":{"line":21,"column":2},"end":{"line":21,"column":45}},"6":{"start":{"line":22,"column":2},"end":{"line":22,"column":24}},"7":{"start":{"line":23,"column":2},"end":{"line":23,"column":24}},"8":{"start":{"line":27,"column":0},"end":{"line":27,"column":51}}},"fnMap":{"0":{"name":"(anonymous_0)","decl":{"start":{"line":20,"column":12},"end":{"line":20,"column":13}},"loc":{"start":{"line":20,"column":39},"end":{"line":24,"column":2}},"line":20}},"branchMap":{},"s":{"0":1,"1":1,"2":1,"3":1,"4":1,"5":0,"6":0,"7":0,"8":1},"f":{"0":0},"b":{},"_coverageSchema":"1a1c01bbd47fc00a2c39e90264f33305004495a9","hash":"a74894c77a7babace35605ab41a6ddd1c7380160"}
,"G:\\MeProjects\\wishing-board\\wishing-board-backend\\tests\\test_helper.js": {"path":"G:\\MeProjects\\wishing-board\\wishing-board-backend\\tests\\test_helper.js","statementMap":{"0":{"start":{"line":1,"column":13},"end":{"line":1,"column":38}},"1":{"start":{"line":3,"column":22},"end":{"line":13,"column":1}},"2":{"start":{"line":15,"column":19},"end":{"line":15,"column":32}},"3":{"start":{"line":17,"column":0},"end":{"line":17,"column":46}}},"fnMap":{},"branchMap":{},"s":{"0":1,"1":1,"2":1,"3":1},"f":{},"b":{},"_coverageSchema":"1a1c01bbd47fc00a2c39e90264f33305004495a9","hash":"3ed114e3473a6a3acf83b37b3753cb0f4334759c"}
,"G:\\MeProjects\\wishing-board\\wishing-board-backend\\utils\\config.js": {"path":"G:\\MeProjects\\wishing-board\\wishing-board-backend\\utils\\config.js","statementMap":{"0":{"start":{"line":1,"column":0},"end":{"line":1,"column":26}},"1":{"start":{"line":3,"column":18},"end":{"line":3,"column":41}},"2":{"start":{"line":5,"column":0},"end":{"line":7,"column":1}},"3":{"start":{"line":6,"column":1},"end":{"line":6,"column":43}},"4":{"start":{"line":9,"column":11},"end":{"line":9,"column":35}},"5":{"start":{"line":11,"column":0},"end":{"line":11,"column":38}}},"fnMap":{},"branchMap":{"0":{"loc":{"start":{"line":5,"column":0},"end":{"line":7,"column":1}},"type":"if","locations":[{"start":{"line":5,"column":0},"end":{"line":7,"column":1}},{"start":{"line":5,"column":0},"end":{"line":7,"column":1}}],"line":5},"1":{"loc":{"start":{"line":9,"column":11},"end":{"line":9,"column":35}},"type":"binary-expr","locations":[{"start":{"line":9,"column":11},"end":{"line":9,"column":27}},{"start":{"line":9,"column":31},"end":{"line":9,"column":35}}],"line":9}},"s":{"0":1,"1":1,"2":1,"3":1,"4":1,"5":1},"f":{},"b":{"0":[1,0],"1":[1,0]},"_coverageSchema":"1a1c01bbd47fc00a2c39e90264f33305004495a9","hash":"a1910128cccb610af531c9aaf6af58c36c1c188b"}
,"G:\\MeProjects\\wishing-board\\wishing-board-backend\\utils\\logger.js": {"path":"G:\\MeProjects\\wishing-board\\wishing-board-backend\\utils\\logger.js","statementMap":{"0":{"start":{"line":1,"column":13},"end":{"line":5,"column":1}},"1":{"start":{"line":2,"column":1},"end":{"line":4,"column":2}},"2":{"start":{"line":3,"column":2},"end":{"line":3,"column":24}},"3":{"start":{"line":7,"column":14},"end":{"line":9,"column":1}},"4":{"start":{"line":8,"column":1},"end":{"line":8,"column":25}},"5":{"start":{"line":11,"column":0},"end":{"line":11,"column":32}}},"fnMap":{"0":{"name":"(anonymous_0)","decl":{"start":{"line":1,"column":13},"end":{"line":1,"column":14}},"loc":{"start":{"line":1,"column":28},"end":{"line":5,"column":1}},"line":1},"1":{"name":"(anonymous_1)","decl":{"start":{"line":7,"column":14},"end":{"line":7,"column":15}},"loc":{"start":{"line":7,"column":29},"end":{"line":9,"column":1}},"line":7}},"branchMap":{"0":{"loc":{"start":{"line":2,"column":1},"end":{"line":4,"column":2}},"type":"if","locations":[{"start":{"line":2,"column":1},"end":{"line":4,"column":2}},{"start":{"line":2,"column":1},"end":{"line":4,"column":2}}],"line":2}},"s":{"0":1,"1":1,"2":0,"3":1,"4":0,"5":1},"f":{"0":1,"1":0},"b":{"0":[0,1]},"_coverageSchema":"1a1c01bbd47fc00a2c39e90264f33305004495a9","hash":"2911c1393f6410f96d4393173dd849a5d35276d8"}
,"G:\\MeProjects\\wishing-board\\wishing-board-backend\\utils\\middleware.js": {"path":"G:\\MeProjects\\wishing-board\\wishing-board-backend\\utils\\middleware.js","statementMap":{"0":{"start":{"line":1,"column":15},"end":{"line":1,"column":34}},"1":{"start":{"line":3,"column":23},"end":{"line":5,"column":1}},"2":{"start":{"line":4,"column":1},"end":{"line":4,"column":52}},"3":{"start":{"line":7,"column":21},"end":{"line":16,"column":1}},"4":{"start":{"line":8,"column":1},"end":{"line":8,"column":26}},"5":{"start":{"line":10,"column":1},"end":{"line":11,"column":59}},"6":{"start":{"line":11,"column":2},"end":{"line":11,"column":59}},"7":{"start":{"line":12,"column":1},"end":{"line":13,"column":53}},"8":{"start":{"line":13,"column":2},"end":{"line":13,"column":53}},"9":{"start":{"line":15,"column":1},"end":{"line":15,"column":10}},"10":{"start":{"line":18,"column":0},"end":{"line":18,"column":49}}},"fnMap":{"0":{"name":"(anonymous_0)","decl":{"start":{"line":3,"column":23},"end":{"line":3,"column":24}},"loc":{"start":{"line":3,"column":37},"end":{"line":5,"column":1}},"line":3},"1":{"name":"(anonymous_1)","decl":{"start":{"line":7,"column":21},"end":{"line":7,"column":22}},"loc":{"start":{"line":7,"column":46},"end":{"line":16,"column":1}},"line":7}},"branchMap":{"0":{"loc":{"start":{"line":10,"column":1},"end":{"line":11,"column":59}},"type":"if","locations":[{"start":{"line":10,"column":1},"end":{"line":11,"column":59}},{"start":{"line":10,"column":1},"end":{"line":11,"column":59}}],"line":10},"1":{"loc":{"start":{"line":12,"column":1},"end":{"line":13,"column":53}},"type":"if","locations":[{"start":{"line":12,"column":1},"end":{"line":13,"column":53}},{"start":{"line":12,"column":1},"end":{"line":13,"column":53}}],"line":12}},"s":{"0":1,"1":1,"2":0,"3":1,"4":0,"5":0,"6":0,"7":0,"8":0,"9":0,"10":1},"f":{"0":0,"1":0},"b":{"0":[0,0],"1":[0,0]},"_coverageSchema":"1a1c01bbd47fc00a2c39e90264f33305004495a9","hash":"89feb37627ba6bb0fe8ee899883a711ade21f945"}
}
